<?xml version="1.0" encoding="UTF-8"?>
<robot generator="Robot 5.0.1 (Python 3.8.10 on linux)" generated="20220707 16:38:45.115" rpa="false" schemaversion="3">
<suite id="s1" name="Test" source="/home/mfazil/Desktop/pythonPractise/Robot/TestCases/test.robot">
<test id="s1-t1" name="open youtube" line="8">
<kw name="Open Browser">
<arg>${Url}</arg>
<arg>${Browser}</arg>
<msg timestamp="20220707 16:38:45.138" level="FAIL">No keyword with name 'Open Browser' found.</msg>
<status status="FAIL" starttime="20220707 16:38:45.138" endtime="20220707 16:38:45.138"/>
</kw>
<status status="FAIL" starttime="20220707 16:38:45.136" endtime="20220707 16:38:45.139">No keyword with name 'Open Browser' found.</status>
</test>
<status status="FAIL" starttime="20220707 16:38:45.116" endtime="20220707 16:38:45.139"/>
</suite>
<statistics>
<total>
<stat pass="0" fail="1" skip="0">All Tests</stat>
</total>
<tag>
</tag>
<suite>
<stat pass="0" fail="1" skip="0" id="s1" name="Test">Test</stat>
</suite>
</statistics>
<errors>
</errors>
</robot>
